<?xml version="1.0" encoding="UTF-8"?>
<!-- Generated by org.testng.reporters.JUnitXMLReporter -->
<testsuite ignored="4" hostname="LTIN275806" failures="0" tests="5" name="Test" time="97.954" errors="0" timestamp="2024-03-09T20:09:11 IST">
  <testcase classname="TestCase.TC01_travel_Insurance" name="travel_insurance" time="3.507"/>
  <testcase classname="TestCase.TC01_travel_Insurance" name="travel_details" time="39.007"/>
  <testcase classname="TestCase.TC02_Car_Insurance" name="car_Details_invalid" time="21.081"/>
  <testcase classname="TestCase.TC02_Car_Insurance" name="car_Details_valid" time="13.222"/>
  <testcase classname="TestCase.TC03_Health_Insurance" name="print_health_Insurance" time="1.969"/>
  <testcase classname="TestBase.BaseClass" name="@BeforeTest setup" time="0.0">
    <ignored/>
  </testcase> <!-- @BeforeTest setup -->
  <testcase classname="TestBase.BaseClass" name="@AfterTest closeBrowser" time="0.0">
    <ignored/>
  </testcase> <!-- @AfterTest closeBrowser -->
  <testcase classname="TestBase.BaseClass" name="@BeforeTest setup" time="0.0">
    <ignored/>
  </testcase> <!-- @BeforeTest setup -->
  <testcase classname="TestBase.BaseClass" name="@AfterTest closeBrowser" time="0.0">
    <ignored/>
  </testcase> <!-- @AfterTest closeBrowser -->
</testsuite> <!-- Test -->
